[0m16:06:40.147442 [debug] [MainThread]: Sending event: {'category': 'dbt', 'action': 'invocation', 'label': 'start', 'context': [<snowplow_tracker.self_describing_json.SelfDescribingJson object at 0x0000018AEE30A3C0>, <snowplow_tracker.self_describing_json.SelfDescribingJson object at 0x0000018AEC983110>, <snowplow_tracker.self_describing_json.SelfDescribingJson object at 0x0000018AEC2F7830>]}


============================== 16:06:40.158644 | 6226ca9f-8628-4611-abb0-69e9c4476e9b ==============================
[0m16:06:40.158644 [info ] [MainThread]: Running with dbt=1.9.4
[0m16:06:40.162240 [debug] [MainThread]: running dbt with arguments {'printer_width': '80', 'indirect_selection': 'eager', 'write_json': 'True', 'log_cache_events': 'False', 'partial_parse': 'True', 'cache_selected_only': 'False', 'profiles_dir': 'C:\\Users\\goura\\.dbt', 'fail_fast': 'False', 'version_check': 'True', 'log_path': 'logs', 'warn_error': 'None', 'debug': 'False', 'use_colors': 'True', 'use_experimental_parser': 'False', 'empty': 'None', 'quiet': 'False', 'no_print': 'None', 'warn_error_options': 'WarnErrorOptions(include=[], exclude=[])', 'static_parser': 'True', 'log_format': 'default', 'invocation_command': 'dbt init crop_project', 'target_path': 'None', 'introspect': 'True', 'send_anonymous_usage_stats': 'True'}
[0m16:06:40.225659 [warn ] [MainThread]: [ConfigFolderDirectory]: Unable to parse logging event dictionary. Failed to parse dir field: expected string or bytes-like object, got 'WindowsPath'.. Dictionary: {'dir': WindowsPath('C:/Users/goura/.dbt')}
[0m16:06:40.230239 [info ] [MainThread]: Creating dbt configuration folder at 
[0m16:06:40.238020 [debug] [MainThread]: Starter project path: C:\Users\goura\AppData\Local\Programs\Python\Python312\Lib\site-packages\dbt\include\starter_project
[0m16:06:40.291751 [info ] [MainThread]: 
Your new dbt project "crop_project" was created!

For more information on how to configure the profiles.yml file,
please consult the dbt documentation here:

  https://docs.getdbt.com/docs/configure-your-profile

One more thing:

Need help? Don't hesitate to reach out to us via GitHub issues or on Slack:

  https://community.getdbt.com/

Happy modeling!

[0m16:06:40.291751 [info ] [MainThread]: Setting up your profile.
[0m16:08:54.294281 [info ] [MainThread]: Profile crop_project written to C:\Users\goura\.dbt\profiles.yml using target's profile_template.yml and your supplied values. Run 'dbt debug' to validate the connection.
[0m16:08:54.297410 [debug] [MainThread]: Command `dbt init` succeeded at 16:08:54.297410 after 134.42 seconds
[0m16:08:54.297410 [debug] [MainThread]: Sending event: {'category': 'dbt', 'action': 'invocation', 'label': 'end', 'context': [<snowplow_tracker.self_describing_json.SelfDescribingJson object at 0x0000018AEEF1A0F0>, <snowplow_tracker.self_describing_json.SelfDescribingJson object at 0x0000018AEEA6B7A0>, <snowplow_tracker.self_describing_json.SelfDescribingJson object at 0x0000018AEECB1DF0>]}
[0m16:08:54.300126 [debug] [MainThread]: Flushing usage events
[0m16:08:55.331390 [debug] [MainThread]: An error was encountered while trying to flush usage events
[0m16:46:58.364084 [debug] [MainThread]: Sending event: {'category': 'dbt', 'action': 'invocation', 'label': 'start', 'context': [<snowplow_tracker.self_describing_json.SelfDescribingJson object at 0x000001E58638D4C0>, <snowplow_tracker.self_describing_json.SelfDescribingJson object at 0x000001E586200DD0>, <snowplow_tracker.self_describing_json.SelfDescribingJson object at 0x000001E586201820>]}


============================== 16:46:58.370628 | 854e1f3e-f68e-4303-b903-3fc99fb2884e ==============================
[0m16:46:58.370628 [info ] [MainThread]: Running with dbt=1.9.4
[0m16:46:58.370628 [debug] [MainThread]: running dbt with arguments {'printer_width': '80', 'indirect_selection': 'eager', 'log_cache_events': 'False', 'write_json': 'True', 'partial_parse': 'True', 'cache_selected_only': 'False', 'profiles_dir': 'C:\\Users\\goura\\.dbt', 'version_check': 'True', 'fail_fast': 'False', 'log_path': 'C:\\Users\\goura\\Desktop\\dbtdm2\\logs', 'warn_error': 'None', 'debug': 'False', 'use_colors': 'True', 'use_experimental_parser': 'False', 'empty': 'None', 'quiet': 'False', 'no_print': 'None', 'warn_error_options': 'WarnErrorOptions(include=[], exclude=[])', 'introspect': 'True', 'log_format': 'default', 'invocation_command': 'dbt debug', 'target_path': 'None', 'static_parser': 'True', 'send_anonymous_usage_stats': 'True'}
[0m16:46:58.389152 [info ] [MainThread]: dbt version: 1.9.4
[0m16:46:58.389152 [info ] [MainThread]: python version: 3.12.0
[0m16:46:58.389152 [info ] [MainThread]: python path: C:\Users\goura\AppData\Local\Programs\Python\Python312\python.exe
[0m16:46:58.389152 [info ] [MainThread]: os info: Windows-11-10.0.26100-SP0
[0m16:47:00.495662 [info ] [MainThread]: Using profiles dir at C:\Users\goura\.dbt
[0m16:47:00.495662 [info ] [MainThread]: Using profiles.yml file at C:\Users\goura\.dbt\profiles.yml
[0m16:47:00.496647 [info ] [MainThread]: Using dbt_project.yml file at C:\Users\goura\Desktop\dbtdm2\dbt_project.yml
[0m16:47:00.496647 [info ] [MainThread]: adapter type: bigquery
[0m16:47:00.496647 [info ] [MainThread]: adapter version: 1.9.1
[0m16:47:00.570319 [info ] [MainThread]: Configuration:
[0m16:47:00.571837 [info ] [MainThread]:   profiles.yml file [[32mOK found and valid[0m]
[0m16:47:00.573040 [info ] [MainThread]:   dbt_project.yml file [[32mOK found and valid[0m]
[0m16:47:00.574038 [info ] [MainThread]: Required dependencies:
[0m16:47:00.574038 [debug] [MainThread]: Executing "git --help"
[0m16:47:00.613425 [debug] [MainThread]: STDOUT: "b"usage: git [-v | --version] [-h | --help] [-C <path>] [-c <name>=<value>]\n           [--exec-path[=<path>]] [--html-path] [--man-path] [--info-path]\n           [-p | --paginate | -P | --no-pager] [--no-replace-objects] [--bare]\n           [--git-dir=<path>] [--work-tree=<path>] [--namespace=<name>]\n           [--config-env=<name>=<envvar>] <command> [<args>]\n\nThese are common Git commands used in various situations:\n\nstart a working area (see also: git help tutorial)\n   clone     Clone a repository into a new directory\n   init      Create an empty Git repository or reinitialize an existing one\n\nwork on the current change (see also: git help everyday)\n   add       Add file contents to the index\n   mv        Move or rename a file, a directory, or a symlink\n   restore   Restore working tree files\n   rm        Remove files from the working tree and from the index\n\nexamine the history and state (see also: git help revisions)\n   bisect    Use binary search to find the commit that introduced a bug\n   diff      Show changes between commits, commit and working tree, etc\n   grep      Print lines matching a pattern\n   log       Show commit logs\n   show      Show various types of objects\n   status    Show the working tree status\n\ngrow, mark and tweak your common history\n   branch    List, create, or delete branches\n   commit    Record changes to the repository\n   merge     Join two or more development histories together\n   rebase    Reapply commits on top of another base tip\n   reset     Reset current HEAD to the specified state\n   switch    Switch branches\n   tag       Create, list, delete or verify a tag object signed with GPG\n\ncollaborate (see also: git help workflows)\n   fetch     Download objects and refs from another repository\n   pull      Fetch from and integrate with another repository or a local branch\n   push      Update remote refs along with associated objects\n\n'git help -a' and 'git help -g' list available subcommands and some\nconcept guides. See 'git help <command>' or 'git help <concept>'\nto read about a specific subcommand or concept.\nSee 'git help git' for an overview of the system.\n""
[0m16:47:00.613425 [debug] [MainThread]: STDERR: "b''"
[0m16:47:00.613425 [info ] [MainThread]:  - git [[32mOK found[0m]

[0m16:47:00.613425 [info ] [MainThread]: Connection:
[0m16:47:00.613425 [info ] [MainThread]:   method: service-account
[0m16:47:00.613425 [info ] [MainThread]:   database: dbt-crop
[0m16:47:00.613425 [info ] [MainThread]:   execution_project: dbt-crop
[0m16:47:00.613425 [info ] [MainThread]:   schema: dbtcrop
[0m16:47:00.613425 [info ] [MainThread]:   location: US
[0m16:47:00.613425 [info ] [MainThread]:   priority: interactive
[0m16:47:00.613425 [info ] [MainThread]:   maximum_bytes_billed: None
[0m16:47:00.613425 [info ] [MainThread]:   impersonate_service_account: None
[0m16:47:00.613425 [info ] [MainThread]:   job_retry_deadline_seconds: None
[0m16:47:00.613425 [info ] [MainThread]:   job_retries: 1
[0m16:47:00.613425 [info ] [MainThread]:   job_creation_timeout_seconds: None
[0m16:47:00.613425 [info ] [MainThread]:   job_execution_timeout_seconds: 300
[0m16:47:00.613425 [info ] [MainThread]:   timeout_seconds: 300
[0m16:47:00.613425 [info ] [MainThread]:   client_id: None
[0m16:47:00.613425 [info ] [MainThread]:   token_uri: None
[0m16:47:00.621892 [info ] [MainThread]:   dataproc_region: None
[0m16:47:00.621892 [info ] [MainThread]:   dataproc_cluster_name: None
[0m16:47:00.623010 [info ] [MainThread]:   gcs_bucket: None
[0m16:47:00.623010 [info ] [MainThread]:   dataproc_batch: None
[0m16:47:00.623010 [info ] [MainThread]: Registered adapter: bigquery=1.9.1
[0m16:47:01.221407 [debug] [MainThread]: Acquiring new bigquery connection 'debug'
[0m16:47:01.221407 [debug] [MainThread]: On debug: select 1 as id
[0m16:47:01.222042 [debug] [MainThread]: Opening a new connection, currently in state init
[0m16:47:01.222042 [debug] [MainThread]: BigQuery adapter: Got an error when attempting to create a bigquery " "client: '[Errno 2] No such file or directory: 'C:\\Users\\goura\\Desktop\\dbtdm2\\dbt-crop-5ccc2f903071.json''
[0m16:47:01.222042 [debug] [MainThread]: BigQuery adapter: Unhandled error while running:
select 1 as id
[0m16:47:01.222042 [debug] [MainThread]: BigQuery adapter: Database Error
  [Errno 2] No such file or directory: 'C:\\Users\\goura\\Desktop\\dbtdm2\\dbt-crop-5ccc2f903071.json'
[0m16:47:01.222042 [info ] [MainThread]:   Connection test: [[31mERROR[0m]

[0m16:47:01.222042 [info ] [MainThread]: [31m1 check failed:[0m
[0m16:47:01.222042 [info ] [MainThread]: dbt was unable to connect to the specified database.
The database returned the following error:

  >'NoneType' object has no attribute 'close'

Check your database credentials and try again. For more information, visit:
https://docs.getdbt.com/docs/configure-your-profile


[0m16:47:01.222042 [debug] [MainThread]: Command `dbt debug` failed at 16:47:01.222042 after 3.05 seconds
[0m16:47:01.222042 [debug] [MainThread]: Sending event: {'category': 'dbt', 'action': 'invocation', 'label': 'end', 'context': [<snowplow_tracker.self_describing_json.SelfDescribingJson object at 0x000001E586201E20>, <snowplow_tracker.self_describing_json.SelfDescribingJson object at 0x000001E58656E5A0>, <snowplow_tracker.self_describing_json.SelfDescribingJson object at 0x000001E58692E0F0>]}
[0m16:47:01.222042 [debug] [MainThread]: Flushing usage events
[0m16:47:01.876742 [debug] [MainThread]: An error was encountered while trying to flush usage events
